  main.cpp
C:\Users\brandan\source\repos\Survival-Simulator\Survival-Simulator\Ball.hpp(45,34): warning C4244: '=': conversion from 'int' to 'float', possible loss of data
C:\Users\brandan\source\repos\Survival-Simulator\Survival-Simulator\Ball.hpp(194,1): warning C4305: '+=': truncation from 'double' to 'float'
C:\Users\brandan\source\repos\Survival-Simulator\Survival-Simulator\Ball.hpp(222,60): warning C4244: 'argument': conversion from 'double' to 'float', possible loss of data
C:\Users\brandan\source\repos\Survival-Simulator\Survival-Simulator\Ball.hpp(227,75): warning C4244: 'argument': conversion from 'double' to 'float', possible loss of data
C:\Users\brandan\source\repos\Survival-Simulator\Survival-Simulator\Ball.hpp(241,1): warning C4305: '+=': truncation from 'double' to 'float'
C:\Users\brandan\source\repos\Survival-Simulator\Survival-Simulator\Ball.hpp(252,67): warning C4244: 'argument': conversion from 'double' to 'float', possible loss of data
C:\Users\brandan\source\repos\Survival-Simulator\Survival-Simulator\Ball.hpp(272,67): warning C4244: 'argument': conversion from 'double' to 'float', possible loss of data
C:\Users\brandan\source\repos\Survival-Simulator\Survival-Simulator\main.cpp(14,14): warning C4326: return type of 'main' should be 'int' instead of 'float'
C:\Users\brandan\source\repos\Survival-Simulator\Survival-Simulator\main.cpp(24,54): warning C4244: 'argument': conversion from 'const float' to 'unsigned int', possible loss of data
C:\Users\brandan\source\repos\Survival-Simulator\Survival-Simulator\main.cpp(24,43): warning C4244: 'argument': conversion from 'const float' to 'unsigned int', possible loss of data
C:\Users\brandan\source\repos\Survival-Simulator\Survival-Simulator\main.cpp(42,19): warning C4018: '<': signed/unsigned mismatch
C:\Users\brandan\source\repos\Survival-Simulator\Survival-Simulator\main.cpp(98,27): warning C4018: '<': signed/unsigned mismatch
C:\Users\brandan\source\repos\Survival-Simulator\Survival-Simulator\main.cpp(20,12): warning C4101: 'j': unreferenced local variable
  Generating code
  2 of 331 functions ( 0.6%) were compiled, the rest were copied from previous compilation.
    0 functions were new in current compilation
    1 functions had inline decision re-evaluated but remain unchanged
  Finished generating code
  Survival-Simulator.vcxproj -> C:\Users\brandan\source\repos\Survival-Simulator\Release\Survival-Simulator.exe
